<?xml version="1.0" encoding="UTF-8"?>
<testsuite xmlns:xsi="http://www.w3.org/2001/XMLSchema-instance" xsi:noNamespaceSchemaLocation="https://maven.apache.org/surefire/maven-surefire-plugin/xsd/surefire-test-report.xsd" version="3.0.2" name="com.example.stack.StackControllerTest" time="3.085" tests="6" errors="0" skipped="0" failures="0">
  <properties>
[...]
</properties>
  <testcase name="testGetStack" classname="com.example.stack.StackControllerTest" time="0.282">
    <system-out><![CDATA[2024-12-15T21:44:13.852+05:30  INFO 44140 --- [stack] [           main] t.c.s.AnnotationConfigContextLoaderUtils : Could not detect default configuration classes for test class [com.example.stack.StackControllerTest]: StackControllerTest does not declare any static, non-private, non-final, nested classes annotated with @Configuration.
2024-12-15T21:44:13.869+05:30  INFO 44140 --- [stack] [           main] .b.t.c.SpringBootTestContextBootstrapper : Found @SpringBootConfiguration com.example.stack.StackApplication for test class com.example.stack.StackControllerTest
2024-12-15T21:44:13.878+05:30  INFO 44140 --- [stack] [           main] o.s.b.d.r.RestartApplicationListener     : Restart disabled due to context in which it is running

  .   ____          _            __ _ _
 /\\ / ___'_ __ _ _(_)_ __  __ _ \ \ \ \
( ( )\___ | '_ | '_| | '_ \/ _` | \ \ \ \
 \\/  ___)| |_)| | | | | || (_| |  ) ) ) )
  '  |____| .__|_| |_|_| |_\__, | / / / /
 =========|_|==============|___/=/_/_/_/

 :: Spring Boot ::                (v3.4.0)

2024-12-15T21:44:13.949+05:30  INFO 44140 --- [stack] [           main] com.example.stack.StackControllerTest    : Starting StackControllerTest using Java 21.0.3 with PID 44140 (started by nishantpal in C:\Users\nishantpal\OneDrive - Microsoft\Desktop\cred\iManage Interview\Stack Implementation)
2024-12-15T21:44:13.950+05:30  INFO 44140 --- [stack] [           main] com.example.stack.StackControllerTest    : No active profile set, falling back to 1 default profile: "default"
2024-12-15T21:44:14.281+05:30  INFO 44140 --- [stack] [           main] o.s.b.a.w.s.WelcomePageHandlerMapping    : Adding welcome page template: index
2024-12-15T21:44:14.390+05:30  INFO 44140 --- [stack] [           main] o.s.b.t.m.w.SpringBootMockServletContext : Initializing Spring TestDispatcherServlet ''
2024-12-15T21:44:14.390+05:30  INFO 44140 --- [stack] [           main] o.s.t.web.servlet.TestDispatcherServlet  : Initializing Servlet ''
2024-12-15T21:44:14.390+05:30  INFO 44140 --- [stack] [           main] o.s.t.web.servlet.TestDispatcherServlet  : Completed initialization in 0 ms
2024-12-15T21:44:14.409+05:30  INFO 44140 --- [stack] [           main] com.example.stack.StackControllerTest    : Started StackControllerTest in 0.53 seconds (process running for 4.936)
]]></system-out>
  </testcase>
  <testcase name="testPop" classname="com.example.stack.StackControllerTest" time="0.019">
    <system-out><![CDATA[2024-12-15T21:44:14.701+05:30  INFO 44140 --- [stack] [           main] o.s.b.d.r.RestartApplicationListener     : Restart disabled due to context in which it is running

  .   ____          _            __ _ _
 /\\ / ___'_ __ _ _(_)_ __  __ _ \ \ \ \
( ( )\___ | '_ | '_| | '_ \/ _` | \ \ \ \
 \\/  ___)| |_)| | | | | || (_| |  ) ) ) )
  '  |____| .__|_| |_|_| |_\__, | / / / /
 =========|_|==============|___/=/_/_/_/

 :: Spring Boot ::                (v3.4.0)

2024-12-15T21:44:14.741+05:30  INFO 44140 --- [stack] [           main] com.example.stack.StackControllerTest    : Starting StackControllerTest using Java 21.0.3 with PID 44140 (started by nishantpal in C:\Users\nishantpal\OneDrive - Microsoft\Desktop\cred\iManage Interview\Stack Implementation)
2024-12-15T21:44:14.742+05:30  INFO 44140 --- [stack] [           main] com.example.stack.StackControllerTest    : No active profile set, falling back to 1 default profile: "default"
2024-12-15T21:44:14.987+05:30  INFO 44140 --- [stack] [           main] o.s.b.a.w.s.WelcomePageHandlerMapping    : Adding welcome page template: index
2024-12-15T21:44:15.057+05:30  INFO 44140 --- [stack] [           main] o.s.b.t.m.w.SpringBootMockServletContext : Initializing Spring TestDispatcherServlet ''
2024-12-15T21:44:15.057+05:30  INFO 44140 --- [stack] [           main] o.s.t.web.servlet.TestDispatcherServlet  : Initializing Servlet ''
2024-12-15T21:44:15.057+05:30  INFO 44140 --- [stack] [           main] o.s.t.web.servlet.TestDispatcherServlet  : Completed initialization in 0 ms
2024-12-15T21:44:15.067+05:30  INFO 44140 --- [stack] [           main] com.example.stack.StackControllerTest    : Started StackControllerTest in 0.366 seconds (process running for 5.594)
]]></system-out>
  </testcase>
  <testcase name="testPeek" classname="com.example.stack.StackControllerTest" time="0.026">
    <system-out><![CDATA[2024-12-15T21:44:15.092+05:30  INFO 44140 --- [stack] [           main] o.s.b.d.r.RestartApplicationListener     : Restart disabled due to context in which it is running

  .   ____          _            __ _ _
 /\\ / ___'_ __ _ _(_)_ __  __ _ \ \ \ \
( ( )\___ | '_ | '_| | '_ \/ _` | \ \ \ \
 \\/  ___)| |_)| | | | | || (_| |  ) ) ) )
  '  |____| .__|_| |_|_| |_\__, | / / / /
 =========|_|==============|___/=/_/_/_/

 :: Spring Boot ::                (v3.4.0)

2024-12-15T21:44:15.136+05:30  INFO 44140 --- [stack] [           main] com.example.stack.StackControllerTest    : Starting StackControllerTest using Java 21.0.3 with PID 44140 (started by nishantpal in C:\Users\nishantpal\OneDrive - Microsoft\Desktop\cred\iManage Interview\Stack Implementation)
2024-12-15T21:44:15.136+05:30  INFO 44140 --- [stack] [           main] com.example.stack.StackControllerTest    : No active profile set, falling back to 1 default profile: "default"
2024-12-15T21:44:15.375+05:30  INFO 44140 --- [stack] [           main] o.s.b.a.w.s.WelcomePageHandlerMapping    : Adding welcome page template: index
2024-12-15T21:44:15.472+05:30  INFO 44140 --- [stack] [           main] o.s.b.t.m.w.SpringBootMockServletContext : Initializing Spring TestDispatcherServlet ''
2024-12-15T21:44:15.472+05:30  INFO 44140 --- [stack] [           main] o.s.t.web.servlet.TestDispatcherServlet  : Initializing Servlet ''
2024-12-15T21:44:15.472+05:30  INFO 44140 --- [stack] [           main] o.s.t.web.servlet.TestDispatcherServlet  : Completed initialization in 0 ms
2024-12-15T21:44:15.488+05:30  INFO 44140 --- [stack] [           main] com.example.stack.StackControllerTest    : Started StackControllerTest in 0.397 seconds (process running for 6.015)
]]></system-out>
  </testcase>
  <testcase name="testPush" classname="com.example.stack.StackControllerTest" time="0.044">
    <system-out><![CDATA[2024-12-15T21:44:15.520+05:30  INFO 44140 --- [stack] [           main] o.s.b.d.r.RestartApplicationListener     : Restart disabled due to context in which it is running

  .   ____          _            __ _ _
 /\\ / ___'_ __ _ _(_)_ __  __ _ \ \ \ \
( ( )\___ | '_ | '_| | '_ \/ _` | \ \ \ \
 \\/  ___)| |_)| | | | | || (_| |  ) ) ) )
  '  |____| .__|_| |_|_| |_\__, | / / / /
 =========|_|==============|___/=/_/_/_/

 :: Spring Boot ::                (v3.4.0)

2024-12-15T21:44:15.575+05:30  INFO 44140 --- [stack] [           main] com.example.stack.StackControllerTest    : Starting StackControllerTest using Java 21.0.3 with PID 44140 (started by nishantpal in C:\Users\nishantpal\OneDrive - Microsoft\Desktop\cred\iManage Interview\Stack Implementation)
2024-12-15T21:44:15.575+05:30  INFO 44140 --- [stack] [           main] com.example.stack.StackControllerTest    : No active profile set, falling back to 1 default profile: "default"
2024-12-15T21:44:15.846+05:30  INFO 44140 --- [stack] [           main] o.s.b.a.w.s.WelcomePageHandlerMapping    : Adding welcome page template: index
2024-12-15T21:44:15.943+05:30  INFO 44140 --- [stack] [           main] o.s.b.t.m.w.SpringBootMockServletContext : Initializing Spring TestDispatcherServlet ''
2024-12-15T21:44:15.944+05:30  INFO 44140 --- [stack] [           main] o.s.t.web.servlet.TestDispatcherServlet  : Initializing Servlet ''
2024-12-15T21:44:15.945+05:30  INFO 44140 --- [stack] [           main] o.s.t.web.servlet.TestDispatcherServlet  : Completed initialization in 1 ms
2024-12-15T21:44:15.958+05:30  INFO 44140 --- [stack] [           main] com.example.stack.StackControllerTest    : Started StackControllerTest in 0.438 seconds (process running for 6.486)
]]></system-out>
  </testcase>
  <testcase name="testGetSize" classname="com.example.stack.StackControllerTest" time="0.01">
    <system-out><![CDATA[2024-12-15T21:44:16.016+05:30  INFO 44140 --- [stack] [           main] o.s.b.d.r.RestartApplicationListener     : Restart disabled due to context in which it is running

  .   ____          _            __ _ _
 /\\ / ___'_ __ _ _(_)_ __  __ _ \ \ \ \
( ( )\___ | '_ | '_| | '_ \/ _` | \ \ \ \
 \\/  ___)| |_)| | | | | || (_| |  ) ) ) )
  '  |____| .__|_| |_|_| |_\__, | / / / /
 =========|_|==============|___/=/_/_/_/

 :: Spring Boot ::                (v3.4.0)

2024-12-15T21:44:16.078+05:30  INFO 44140 --- [stack] [           main] com.example.stack.StackControllerTest    : Starting StackControllerTest using Java 21.0.3 with PID 44140 (started by nishantpal in C:\Users\nishantpal\OneDrive - Microsoft\Desktop\cred\iManage Interview\Stack Implementation)
2024-12-15T21:44:16.080+05:30  INFO 44140 --- [stack] [           main] com.example.stack.StackControllerTest    : No active profile set, falling back to 1 default profile: "default"
2024-12-15T21:44:16.392+05:30  INFO 44140 --- [stack] [           main] o.s.b.a.w.s.WelcomePageHandlerMapping    : Adding welcome page template: index
2024-12-15T21:44:16.449+05:30  INFO 44140 --- [stack] [           main] o.s.b.t.m.w.SpringBootMockServletContext : Initializing Spring TestDispatcherServlet ''
2024-12-15T21:44:16.449+05:30  INFO 44140 --- [stack] [           main] o.s.t.web.servlet.TestDispatcherServlet  : Initializing Servlet ''
2024-12-15T21:44:16.450+05:30  INFO 44140 --- [stack] [           main] o.s.t.web.servlet.TestDispatcherServlet  : Completed initialization in 1 ms
2024-12-15T21:44:16.456+05:30  INFO 44140 --- [stack] [           main] com.example.stack.StackControllerTest    : Started StackControllerTest in 0.44 seconds (process running for 6.983)
]]></system-out>
  </testcase>
  <testcase name="testSetSize" classname="com.example.stack.StackControllerTest" time="0.031">
    <system-out><![CDATA[2024-12-15T21:44:16.472+05:30  INFO 44140 --- [stack] [           main] o.s.b.d.r.RestartApplicationListener     : Restart disabled due to context in which it is running

  .   ____          _            __ _ _
 /\\ / ___'_ __ _ _(_)_ __  __ _ \ \ \ \
( ( )\___ | '_ | '_| | '_ \/ _` | \ \ \ \
 \\/  ___)| |_)| | | | | || (_| |  ) ) ) )
  '  |____| .__|_| |_|_| |_\__, | / / / /
 =========|_|==============|___/=/_/_/_/

 :: Spring Boot ::                (v3.4.0)

2024-12-15T21:44:16.511+05:30  INFO 44140 --- [stack] [           main] com.example.stack.StackControllerTest    : Starting StackControllerTest using Java 21.0.3 with PID 44140 (started by nishantpal in C:\Users\nishantpal\OneDrive - Microsoft\Desktop\cred\iManage Interview\Stack Implementation)
2024-12-15T21:44:16.512+05:30  INFO 44140 --- [stack] [           main] com.example.stack.StackControllerTest    : No active profile set, falling back to 1 default profile: "default"
2024-12-15T21:44:16.800+05:30  INFO 44140 --- [stack] [           main] o.s.b.a.w.s.WelcomePageHandlerMapping    : Adding welcome page template: index
2024-12-15T21:44:16.883+05:30  INFO 44140 --- [stack] [           main] o.s.b.t.m.w.SpringBootMockServletContext : Initializing Spring TestDispatcherServlet ''
2024-12-15T21:44:16.883+05:30  INFO 44140 --- [stack] [           main] o.s.t.web.servlet.TestDispatcherServlet  : Initializing Servlet ''
2024-12-15T21:44:16.884+05:30  INFO 44140 --- [stack] [           main] o.s.t.web.servlet.TestDispatcherServlet  : Completed initialization in 1 ms
2024-12-15T21:44:16.891+05:30  INFO 44140 --- [stack] [           main] com.example.stack.StackControllerTest    : Started StackControllerTest in 0.419 seconds (process running for 7.418)
]]></system-out>
  </testcase>
</testsuite>